<?xml version="1.0" encoding="UTF-8"?>
<!-- Generated by org.testng.reporters.JUnitReportReporter -->
<testsuite hostname="Ami-PC" name="gapp.model.dao.ApplicationDaoTest$ApplicationTests" tests="2" failures="0" timestamp="15 Feb 2016 20:44:29 GMT" time="0.612" errors="0">
  <testcase name="getApplication" time="0.578" classname="gapp.model.dao.ApplicationDaoTest$ApplicationTests"/>
  <testcase name="getApplicationByStudent" time="0.034" classname="gapp.model.dao.ApplicationDaoTest$ApplicationTests"/>
</testsuite> <!-- gapp.model.dao.ApplicationDaoTest$ApplicationTests -->
