<?xml version="1.0" encoding="UTF-8"?>
<!-- Generated by org.testng.reporters.JUnitReportReporter -->
<testsuite hostname="Ami-PC" name="gapp.model.dao.DepartmentDaoTest$DepartmentDaoTests" tests="1" failures="0" timestamp="15 Feb 2016 20:45:09 GMT" time="0.921" errors="0">
  <testcase name="getDepartments" time="0.921" classname="gapp.model.dao.DepartmentDaoTest$DepartmentDaoTests"/>
</testsuite> <!-- gapp.model.dao.DepartmentDaoTest$DepartmentDaoTests -->
