<?xml version="1.0" encoding="UTF-8"?>
<!-- Generated by org.testng.reporters.JUnitReportReporter -->
<testsuite hostname="Ami-PC" name="gapp.model.dao.UserDaoTest$UserDaoTests" tests="2" failures="0" timestamp="15 Feb 2016 20:44:01 GMT" time="1.117" errors="0">
  <testcase name="getUsers" time="0.554" classname="gapp.model.dao.UserDaoTest$UserDaoTests"/>
  <testcase name="getUser" time="0.563" classname="gapp.model.dao.UserDaoTest$UserDaoTests"/>
</testsuite> <!-- gapp.model.dao.UserDaoTest$UserDaoTests -->
