<?xml version="1.0" encoding="UTF-8"?>
<!-- Generated by org.testng.reporters.JUnitReportReporter -->
<testsuite hostname="Ami-PC" name="gapp.model.dao.ApplicationDaoTest$UserDaoTests" tests="3" failures="0" timestamp="29 Jan 2016 21:30:05 GMT" time="1.960" errors="0">
  <testcase name="getApplication" time="1.423" classname="gapp.model.dao.ApplicationDaoTest$UserDaoTests"/>
  <testcase name="getApplications" time="0.034" classname="gapp.model.dao.ApplicationDaoTest$UserDaoTests"/>
  <testcase name="getApplicationByStudent" time="0.503" classname="gapp.model.dao.ApplicationDaoTest$UserDaoTests"/>
</testsuite> <!-- gapp.model.dao.ApplicationDaoTest$UserDaoTests -->
