<?xml version="1.0" encoding="UTF-8"?>
<!-- Generated by org.testng.reporters.JUnitReportReporter -->
<testsuite hostname="Ami-PC" name="gapp.model.dao.ApplicationDaoTest$ApplicationTests" tests="2" failures="0" timestamp="7 Mar 2016 21:43:04 GMT" time="0.861" errors="0">
  <testcase name="getApplication" time="0.832" classname="gapp.model.dao.ApplicationDaoTest$ApplicationTests"/>
  <testcase name="getApplicationByStudent" time="0.029" classname="gapp.model.dao.ApplicationDaoTest$ApplicationTests"/>
</testsuite> <!-- gapp.model.dao.ApplicationDaoTest$ApplicationTests -->
