<?xml version="1.0" encoding="UTF-8"?>
<!-- Generated by org.testng.reporters.JUnitReportReporter -->
<testsuite hostname="Ami-PC" name="gapp.model.dao.UserDaoTest$UserDaoTests" tests="2" failures="0" timestamp="7 Mar 2016 21:43:04 GMT" time="0.038" errors="0">
  <testcase name="getUsers" time="0.021" classname="gapp.model.dao.UserDaoTest$UserDaoTests"/>
  <testcase name="getUser" time="0.017" classname="gapp.model.dao.UserDaoTest$UserDaoTests"/>
</testsuite> <!-- gapp.model.dao.UserDaoTest$UserDaoTests -->
